app/seeds.txt
com.google.protobuf.Type: com.google.protobuf.Message$Builder toBuilder()
com.google.protobuf.DescriptorProtos$ServiceOptions$Builder: com.google.protobuf.DescriptorProtos$ServiceOptions$Builder clearExtension(com.google.protobuf.GeneratedMessage$GeneratedExtension)
com.google.protobuf.FieldMask: com.google.protobuf.Descriptors$Descriptor getDescriptor()
com.google.protobuf.DoubleValue$Builder: com.google.protobuf.GeneratedMessageV3$Builder clone()
com.ingenic.zalive.MsgEntity$Message$Builder: com.google.protobuf.GeneratedMessageV3$Builder setRepeatedField(com.google.protobuf.Descriptors$FieldDescriptor,int,java.lang.Object)
com.google.protobuf.DescriptorProtos$FileDescriptorSet: DescriptorProtos$FileDescriptorSet(com.google.protobuf.CodedInputStream,com.google.protobuf.ExtensionRegistryLite,com.google.protobuf.DescriptorProtos$1)
com.google.protobuf.Descriptors$EnumValueDescriptor: java.lang.String getFullName()
com.ingenic.zalive.MsgEntity$Heart2CliIntoResp$Builder: com.ingenic.zalive.MsgEntity$Heart2CliIntoResp$Builder mergeFrom(com.google.protobuf.Message)
com.google.protobuf.Enum$Builder: com.google.protobuf.Enum$Builder addEnumvalue(int,com.google.protobuf.EnumValue)
com.google.protobuf.Value$Builder: com.google.protobuf.Message build()
com.google.protobuf.DescriptorProtos$EnumValueOptions$Builder: com.google.protobuf.Descriptors$Descriptor getDescriptor()
com.ingenic.api.AudioFrame: void setAudioData(byte[],int)
com.google.protobuf.DescriptorProtos$DescriptorProto$ExtensionRange$Builder: com.google.protobuf.Message$Builder setRepeatedField(com.google.protobuf.Descriptors$FieldDescriptor,int,java.lang.Object)
com.google.protobuf.Utf8$SafeProcessor: int partialIsValidUtf8(int,byte[],int,int)
com.google.protobuf.StringValue$Builder: com.google.protobuf.GeneratedMessageV3$Builder setUnknownFields(com.google.protobuf.UnknownFieldSet)
com.google.protobuf.DescriptorProtos: com.google.protobuf.Descriptors$Descriptor access$26600()
com.google.protobuf.Mixin$Builder: com.google.protobuf.AbstractMessage$Builder clearOneof(com.google.protobuf.Descriptors$OneofDescriptor)
com.tutk.IOTC.camera.StartJob: void e(java.lang.String,java.lang.String)
com.google.protobuf.compiler.PluginProtos$CodeGeneratorRequest$Builder: com.google.protobuf.compiler.PluginProtos$CodeGeneratorRequest$Builder removeProtoFile(int)
com.google.protobuf.FloatValue$Builder: FloatValue$Builder()
com.google.protobuf.Struct: com.google.protobuf.Struct getDefaultInstanceForType()
com.google.protobuf.DescriptorProtos: com.google.protobuf.Descriptors$Descriptor access$20400()
com.google.protobuf.UInt64Value$Builder: com.google.protobuf.GeneratedMessageV3$Builder addRepeatedField(com.google.protobuf.Descriptors$FieldDescriptor,java.lang.Object)
com.google.protobuf.Int32Value$Builder: com.google.protobuf.Int32Value$Builder setRepeatedField(com.google.protobuf.Descriptors$FieldDescriptor,int,java.lang.Object)
com.google.protobuf.DescriptorProtos$EnumDescriptorProto$Builder: com.google.protobuf.DescriptorProtos$EnumDescriptorProto$Builder setOptions(com.google.protobuf.DescriptorProtos$EnumOptions)
com.google.protobuf.DescriptorProtos$EnumValueDescriptorProto: int access$10302(com.google.protobuf.DescriptorProtos$EnumValueDescriptorProto,int)
com.google.protobuf.EnumOrBuilder: java.util.List getEnumvalueList()
com.google.protobuf.DescriptorProtos$FieldDescriptorProto: boolean hasTypeName()
com.google.protobuf.DescriptorProtos$FileOptions$OptimizeMode: DescriptorProtos$FileOptions$OptimizeMode(java.lang.String,int,int)
com.google.protobuf.FloatValue: com.google.protobuf.FloatValue parseDelimitedFrom(java.io.InputStream,com.google.protobuf.ExtensionRegistryLite)
com.google.protobuf.DescriptorProtos$FieldOptions$Builder: com.google.protobuf.DescriptorProtos$FieldOptions$Builder setJstype(com.google.protobuf.DescriptorProtos$FieldOptions$JSType)
com.google.protobuf.DynamicMessage$Builder: DynamicMessage$Builder(com.google.protobuf.Descriptors$Descriptor)