app/mapping.txt
# compiler: R8
# compiler_version: 2.2.71
# pg_map_id: 98ca024
# common_typos_disable
...
com.ingenic.zalive.MsgEntity$MasterSync2ServerResq$Builder -> a.d.e.c$t$b:
# {"id":"sourceFile","fileName":"MsgEntity.java"}
    1:1:void <init>(com.google.protobuf.GeneratedMessageV3$BuilderParent,com.ingenic.zalive.MsgEntity$1):8359:8359 -> <init>
    2:2:void <init>(com.ingenic.zalive.MsgEntity$1):8359:8359 -> <init>
    3:4:void <init>():8376:8377 -> <init>
    5:6:void <init>(com.google.protobuf.GeneratedMessageV3$BuilderParent):8382:8383 -> <init>
    1:1:com.google.protobuf.Message$Builder clone():8359:8359 -> H
    2:2:com.google.protobuf.MessageLite$Builder clone():8359:8359 -> H
    boolean isInitialized() -> K4
    1:1:com.google.protobuf.Message build():8359:8359 -> M
    2:2:com.google.protobuf.MessageLite build():8359:8359 -> M
    1:1:com.google.protobuf.Message$Builder clearOneof(com.google.protobuf.Descriptors$OneofDescriptor):8359:8359 -> a
    2:2:com.google.protobuf.Message$Builder mergeFrom(com.google.protobuf.CodedInputStream,com.google.protobuf.ExtensionRegistryLite):8359:8359 -> a
    3:3:com.google.protobuf.Message$Builder mergeFrom(com.google.protobuf.Message):8359:8359 -> a
    4:4:com.google.protobuf.MessageLite$Builder mergeFrom(com.google.protobuf.CodedInputStream,com.google.protobuf.ExtensionRegistryLite):8359:8359 -> a
    5:5:com.google.protobuf.Message$Builder mergeUnknownFields(com.google.protobuf.UnknownFieldSet):8359:8359 -> a
com.ingenic.zalive.MsgEntity$MasterSync2ServerResqOrBuilder -> a.d.e.c$u:
com.ingenic.zalive.MsgEntity$Message -> a.d.e.c$v:
    long serialVersionUID -> i
    int bitField0_ -> l
    int msgType_ -> m
    com.ingenic.zalive.MsgEntity$Response resp_ -> o
    com.ingenic.zalive.MsgEntity$Message DEFAULT_INSTANCE -> j
    int RESP_FIELD_NUMBER -> h
    byte memoizedIsInitialized -> p
    int MSGTYPE_FIELD_NUMBER -> f
    int REQ_FIELD_NUMBER -> g
    com.google.protobuf.Parser PARSER -> k
    com.ingenic.zalive.MsgEntity$Request req_ -> n
    1:9:void <clinit>():12618:12626 -> <clinit>
    1:1:void <init>(com.google.protobuf.CodedInputStream,com.google.protobuf.ExtensionRegistryLite,com.ingenic.zalive.MsgEntity$1):11799:11799 -> <init>
    2:2:void <init>(com.google.protobuf.GeneratedMessageV3$Builder,com.ingenic.zalive.MsgEntity$1):11799:11799 -> <init>
    3:150:void <init>(com.google.protobuf.GeneratedMessageV3$Builder):11805:11952 -> <init>
    151:296:void <init>():11807:11952 -> <init>
    297:297:void <init>():11808:11808 -> <init>
    298:345:void <init>(com.google.protobuf.CodedInputStream,com.google.protobuf.ExtensionRegistryLite):11820:11867 -> <init>
    346:354:void <init>(com.google.protobuf.CodedInputStream,com.google.protobuf.ExtensionRegistryLite):11846:11854 -> <init>
    355:391:void <init>(com.google.protobuf.CodedInputStream,com.google.protobuf.ExtensionRegistryLite):11840:11876 -> <init>
    392:398:void <init>(com.google.protobuf.CodedInputStream,com.google.protobuf.ExtensionRegistryLite):11873:11879 -> <init>
com.ingenic.zalive.MsgEntity$Message$1 -> a.d.e.c$v$a:
# {"id":"sourceFile","fileName":"MsgEntity.java"}
    1:1:void <init>():12626:12626 -> <init>
    1:1:java.lang.Object parsePartialFrom(com.google.protobuf.CodedInputStream,com.google.protobuf.ExtensionRegistryLite):12626:12626 -> b
    1:1:com.ingenic.zalive.MsgEntity$Message parsePartialFrom(com.google.protobuf.CodedInputStream,com.google.protobuf.ExtensionRegistryLite):12631:12631 -> d